<?xml version="1.0" encoding="UTF-8"?>
<coverage generated="1644779497004" clover="3.2.0">
  <project timestamp="1644779497005" name="All files">
    <metrics statements="19" coveredstatements="19" conditionals="7" coveredconditionals="7" methods="7" coveredmethods="7" elements="33" coveredelements="33" complexity="0" loc="19" ncloc="19" packages="1" files="1" classes="1"/>
    <file name="index.js" path="X:\repositories\ams_approach_test\lib\index.js">
      <metrics statements="19" coveredstatements="19" conditionals="7" coveredconditionals="7" methods="7" coveredmethods="7"/>
      <line num="1" count="1" type="cond" truecount="1" falsecount="0"/>
      <line num="2" count="102" type="stmt"/>
      <line num="3" count="60" type="cond" truecount="2" falsecount="0"/>
      <line num="4" count="55" type="stmt"/>
      <line num="6" count="102" type="cond" truecount="2" falsecount="0"/>
      <line num="16" count="1" type="stmt"/>
      <line num="17" count="13" type="stmt"/>
      <line num="18" count="13" type="stmt"/>
      <line num="26" count="38" type="stmt"/>
      <line num="27" count="38" type="stmt"/>
      <line num="34" count="6" type="stmt"/>
      <line num="39" count="13" type="stmt"/>
      <line num="40" count="48" type="stmt"/>
      <line num="41" count="48" type="stmt"/>
      <line num="42" count="47" type="cond" truecount="2" falsecount="0"/>
      <line num="43" count="47" type="stmt"/>
      <line num="45" count="2" type="stmt"/>
      <line num="49" count="13" type="stmt"/>
      <line num="52" count="1" type="stmt"/>
    </file>
  </project>
</coverage>
