<?xml version="1.0" encoding="UTF-8"?>
<coverage generated="1644071239852" clover="3.2.0">
  <project timestamp="1644071239852" name="All files">
    <metrics statements="19" coveredstatements="19" conditionals="7" coveredconditionals="7" methods="7" coveredmethods="7" elements="33" coveredelements="33" complexity="0" loc="19" ncloc="19" packages="1" files="1" classes="1"/>
    <file name="index.js" path="X:\repositories\ams_approach_test\lib\index.js">
      <metrics statements="19" coveredstatements="19" conditionals="7" coveredconditionals="7" methods="7" coveredmethods="7"/>
      <line num="1" count="1" type="cond" truecount="1" falsecount="0"/>
      <line num="2" count="80" type="stmt"/>
      <line num="3" count="49" type="cond" truecount="2" falsecount="0"/>
      <line num="4" count="44" type="stmt"/>
      <line num="6" count="80" type="cond" truecount="2" falsecount="0"/>
      <line num="11" count="1" type="stmt"/>
      <line num="12" count="11" type="stmt"/>
      <line num="13" count="11" type="stmt"/>
      <line num="15" count="29" type="stmt"/>
      <line num="16" count="29" type="stmt"/>
      <line num="18" count="3" type="stmt"/>
      <line num="19" count="11" type="stmt"/>
      <line num="20" count="37" type="stmt"/>
      <line num="21" count="37" type="stmt"/>
      <line num="22" count="36" type="cond" truecount="2" falsecount="0"/>
      <line num="23" count="36" type="stmt"/>
      <line num="25" count="2" type="stmt"/>
      <line num="29" count="11" type="stmt"/>
      <line num="32" count="1" type="stmt"/>
    </file>
  </project>
</coverage>
