{"X:\\repositories\\ams_approach_test\\lib\\index.js": {"path":"X:\\repositories\\ams_approach_test\\lib\\index.js","statementMap":{"0":{"start":{"line":1,"column":26},"end":{"line":9,"column":1}},"1":{"start":{"line":2,"column":21},"end":{"line":5,"column":3}},"2":{"start":{"line":3,"column":4},"end":{"line":3,"column":30}},"3":{"start":{"line":3,"column":13},"end":{"line":3,"column":30}},"4":{"start":{"line":4,"column":4},"end":{"line":4,"column":62}},"5":{"start":{"line":6,"column":2},"end":{"line":8,"column":13}},"6":{"start":{"line":16,"column":20},"end":{"line":50,"column":1}},"7":{"start":{"line":17,"column":16},"end":{"line":17,"column":31}},"8":{"start":{"line":18,"column":18},"end":{"line":48,"column":3}},"9":{"start":{"line":26,"column":6},"end":{"line":26,"column":33}},"10":{"start":{"line":27,"column":6},"end":{"line":27,"column":21}},"11":{"start":{"line":34,"column":33},"end":{"line":34,"column":72}},"12":{"start":{"line":39,"column":15},"end":{"line":47,"column":5}},"13":{"start":{"line":40,"column":6},"end":{"line":46,"column":7}},"14":{"start":{"line":41,"column":24},"end":{"line":41,"column":42}},"15":{"start":{"line":42,"column":28},"end":{"line":42,"column":59}},"16":{"start":{"line":43,"column":8},"end":{"line":43,"column":61}},"17":{"start":{"line":45,"column":8},"end":{"line":45,"column":27}},"18":{"start":{"line":49,"column":2},"end":{"line":49,"column":17}},"19":{"start":{"line":52,"column":0},"end":{"line":52,"column":29}}},"fnMap":{"0":{"name":"(anonymous_0)","decl":{"start":{"line":1,"column":26},"end":{"line":1,"column":27}},"loc":{"start":{"line":1,"column":72},"end":{"line":9,"column":1}},"line":1},"1":{"name":"(anonymous_1)","decl":{"start":{"line":2,"column":21},"end":{"line":2,"column":22}},"loc":{"start":{"line":2,"column":36},"end":{"line":5,"column":3}},"line":2},"2":{"name":"(anonymous_2)","decl":{"start":{"line":16,"column":20},"end":{"line":16,"column":21}},"loc":{"start":{"line":16,"column":33},"end":{"line":50,"column":1}},"line":16},"3":{"name":"(anonymous_3)","decl":{"start":{"line":25,"column":10},"end":{"line":25,"column":11}},"loc":{"start":{"line":25,"column":37},"end":{"line":28,"column":5}},"line":25},"4":{"name":"(anonymous_4)","decl":{"start":{"line":34,"column":13},"end":{"line":34,"column":14}},"loc":{"start":{"line":34,"column":33},"end":{"line":34,"column":72}},"line":34},"5":{"name":"(anonymous_5)","decl":{"start":{"line":39,"column":9},"end":{"line":39,"column":10}},"loc":{"start":{"line":39,"column":15},"end":{"line":47,"column":5}},"line":39},"6":{"name":"(anonymous_6)","decl":{"start":{"line":39,"column":15},"end":{"line":39,"column":16}},"loc":{"start":{"line":39,"column":41},"end":{"line":47,"column":5}},"line":39}},"branchMap":{"0":{"loc":{"start":{"line":1,"column":62},"end":{"line":1,"column":67}},"type":"default-arg","locations":[{"start":{"line":1,"column":66},"end":{"line":1,"column":67}}],"line":1},"1":{"loc":{"start":{"line":3,"column":4},"end":{"line":3,"column":30}},"type":"if","locations":[{"start":{"line":3,"column":4},"end":{"line":3,"column":30}},{"start":{},"end":{}}],"line":3},"2":{"loc":{"start":{"line":6,"column":9},"end":{"line":8,"column":12}},"type":"cond-expr","locations":[{"start":{"line":7,"column":6},"end":{"line":7,"column":48}},{"start":{"line":8,"column":6},"end":{"line":8,"column":12}}],"line":6},"3":{"loc":{"start":{"line":42,"column":28},"end":{"line":42,"column":59}},"type":"binary-expr","locations":[{"start":{"line":42,"column":28},"end":{"line":42,"column":42}},{"start":{"line":42,"column":46},"end":{"line":42,"column":59}}],"line":42}},"s":{"0":1,"1":102,"2":60,"3":5,"4":55,"5":102,"6":1,"7":13,"8":13,"9":38,"10":38,"11":6,"12":13,"13":48,"14":48,"15":47,"16":47,"17":2,"18":13,"19":1},"f":{"0":102,"1":60,"2":13,"3":38,"4":6,"5":13,"6":48},"b":{"0":[47],"1":[5,55],"2":[61,41],"3":[47,11]},"_coverageSchema":"1a1c01bbd47fc00a2c39e90264f33305004495a9","hash":"fcb1f2566983be868266eeb85541781f6085b927"}
}
