{"X:\\repositories\\ams_approach_test\\lib\\index.js": {"path":"X:\\repositories\\ams_approach_test\\lib\\index.js","statementMap":{"0":{"start":{"line":1,"column":26},"end":{"line":9,"column":1}},"1":{"start":{"line":2,"column":21},"end":{"line":5,"column":3}},"2":{"start":{"line":3,"column":4},"end":{"line":3,"column":30}},"3":{"start":{"line":3,"column":13},"end":{"line":3,"column":30}},"4":{"start":{"line":4,"column":4},"end":{"line":4,"column":62}},"5":{"start":{"line":6,"column":2},"end":{"line":8,"column":13}},"6":{"start":{"line":11,"column":20},"end":{"line":30,"column":1}},"7":{"start":{"line":12,"column":16},"end":{"line":12,"column":31}},"8":{"start":{"line":13,"column":18},"end":{"line":28,"column":3}},"9":{"start":{"line":15,"column":6},"end":{"line":15,"column":33}},"10":{"start":{"line":16,"column":6},"end":{"line":16,"column":21}},"11":{"start":{"line":18,"column":33},"end":{"line":18,"column":72}},"12":{"start":{"line":19,"column":15},"end":{"line":27,"column":5}},"13":{"start":{"line":20,"column":6},"end":{"line":26,"column":7}},"14":{"start":{"line":21,"column":24},"end":{"line":21,"column":42}},"15":{"start":{"line":22,"column":28},"end":{"line":22,"column":59}},"16":{"start":{"line":23,"column":8},"end":{"line":23,"column":61}},"17":{"start":{"line":25,"column":8},"end":{"line":25,"column":27}},"18":{"start":{"line":29,"column":2},"end":{"line":29,"column":17}},"19":{"start":{"line":32,"column":0},"end":{"line":32,"column":29}}},"fnMap":{"0":{"name":"(anonymous_0)","decl":{"start":{"line":1,"column":26},"end":{"line":1,"column":27}},"loc":{"start":{"line":1,"column":72},"end":{"line":9,"column":1}},"line":1},"1":{"name":"(anonymous_1)","decl":{"start":{"line":2,"column":21},"end":{"line":2,"column":22}},"loc":{"start":{"line":2,"column":36},"end":{"line":5,"column":3}},"line":2},"2":{"name":"(anonymous_2)","decl":{"start":{"line":11,"column":20},"end":{"line":11,"column":21}},"loc":{"start":{"line":11,"column":33},"end":{"line":30,"column":1}},"line":11},"3":{"name":"(anonymous_3)","decl":{"start":{"line":14,"column":10},"end":{"line":14,"column":11}},"loc":{"start":{"line":14,"column":37},"end":{"line":17,"column":5}},"line":14},"4":{"name":"(anonymous_4)","decl":{"start":{"line":18,"column":13},"end":{"line":18,"column":14}},"loc":{"start":{"line":18,"column":33},"end":{"line":18,"column":72}},"line":18},"5":{"name":"(anonymous_5)","decl":{"start":{"line":19,"column":9},"end":{"line":19,"column":10}},"loc":{"start":{"line":19,"column":15},"end":{"line":27,"column":5}},"line":19},"6":{"name":"(anonymous_6)","decl":{"start":{"line":19,"column":15},"end":{"line":19,"column":16}},"loc":{"start":{"line":19,"column":41},"end":{"line":27,"column":5}},"line":19}},"branchMap":{"0":{"loc":{"start":{"line":1,"column":62},"end":{"line":1,"column":67}},"type":"default-arg","locations":[{"start":{"line":1,"column":66},"end":{"line":1,"column":67}}],"line":1},"1":{"loc":{"start":{"line":3,"column":4},"end":{"line":3,"column":30}},"type":"if","locations":[{"start":{"line":3,"column":4},"end":{"line":3,"column":30}},{"start":{},"end":{}}],"line":3},"2":{"loc":{"start":{"line":6,"column":9},"end":{"line":8,"column":12}},"type":"cond-expr","locations":[{"start":{"line":7,"column":6},"end":{"line":7,"column":48}},{"start":{"line":8,"column":6},"end":{"line":8,"column":12}}],"line":6},"3":{"loc":{"start":{"line":22,"column":28},"end":{"line":22,"column":59}},"type":"binary-expr","locations":[{"start":{"line":22,"column":28},"end":{"line":22,"column":42}},{"start":{"line":22,"column":46},"end":{"line":22,"column":59}}],"line":22}},"s":{"0":1,"1":80,"2":49,"3":5,"4":44,"5":80,"6":1,"7":11,"8":11,"9":29,"10":29,"11":3,"12":11,"13":37,"14":37,"15":36,"16":36,"17":2,"18":11,"19":1},"f":{"0":80,"1":49,"2":11,"3":29,"4":3,"5":11,"6":37},"b":{"0":[36],"1":[5,44],"2":[50,30],"3":[36,6]},"_coverageSchema":"1a1c01bbd47fc00a2c39e90264f33305004495a9","hash":"76ca54a738683cc39f62d002740853ad9748e09c"}
}
