TN:
SF:lib\index.js
FN:1,(anonymous_0)
FN:2,(anonymous_1)
FN:16,(anonymous_2)
FN:25,(anonymous_3)
FN:34,(anonymous_4)
FN:39,(anonymous_5)
FN:39,(anonymous_6)
FNF:7
FNH:7
FNDA:102,(anonymous_0)
FNDA:60,(anonymous_1)
FNDA:13,(anonymous_2)
FNDA:38,(anonymous_3)
FNDA:6,(anonymous_4)
FNDA:13,(anonymous_5)
FNDA:48,(anonymous_6)
DA:1,1
DA:2,102
DA:3,60
DA:4,55
DA:6,102
DA:16,1
DA:17,13
DA:18,13
DA:26,38
DA:27,38
DA:34,6
DA:39,13
DA:40,48
DA:41,48
DA:42,47
DA:43,47
DA:45,2
DA:49,13
DA:52,1
LF:19
LH:19
BRDA:1,0,0,47
BRDA:3,1,0,5
BRDA:3,1,1,55
BRDA:6,2,0,61
BRDA:6,2,1,41
BRDA:42,3,0,47
BRDA:42,3,1,11
BRF:7
BRH:7
end_of_record
