TN:
SF:lib\index.js
FN:1,(anonymous_0)
FN:2,(anonymous_1)
FN:11,(anonymous_2)
FN:14,(anonymous_3)
FN:18,(anonymous_4)
FN:19,(anonymous_5)
FN:19,(anonymous_6)
FNF:7
FNH:7
FNDA:80,(anonymous_0)
FNDA:49,(anonymous_1)
FNDA:11,(anonymous_2)
FNDA:29,(anonymous_3)
FNDA:3,(anonymous_4)
FNDA:11,(anonymous_5)
FNDA:37,(anonymous_6)
DA:1,1
DA:2,80
DA:3,49
DA:4,44
DA:6,80
DA:11,1
DA:12,11
DA:13,11
DA:15,29
DA:16,29
DA:18,3
DA:19,11
DA:20,37
DA:21,37
DA:22,36
DA:23,36
DA:25,2
DA:29,11
DA:32,1
LF:19
LH:19
BRDA:1,0,0,36
BRDA:3,1,0,5
BRDA:3,1,1,44
BRDA:6,2,0,50
BRDA:6,2,1,30
BRDA:22,3,0,36
BRDA:22,3,1,6
BRF:7
BRH:7
end_of_record
